C:\Users\spineda\Documents\LeCafe\LeCafe\wwwroot\ClientApp\out-tsc\app\app.component.js
C:\Users\spineda\Documents\LeCafe\LeCafe\wwwroot\ClientApp\out-tsc\app\app.component.js.map
C:\Users\spineda\Documents\LeCafe\LeCafe\wwwroot\ClientApp\out-tsc\app\shared\producto.js
C:\Users\spineda\Documents\LeCafe\LeCafe\wwwroot\ClientApp\out-tsc\app\shared\producto.js.map
C:\Users\spineda\Documents\LeCafe\LeCafe\wwwroot\ClientApp\out-tsc\app\shared\order.js
C:\Users\spineda\Documents\LeCafe\LeCafe\wwwroot\ClientApp\out-tsc\app\shared\order.js.map
C:\Users\spineda\Documents\LeCafe\LeCafe\wwwroot\ClientApp\out-tsc\app\shared\product.service.js
C:\Users\spineda\Documents\LeCafe\LeCafe\wwwroot\ClientApp\out-tsc\app\shared\product.service.js.map
C:\Users\spineda\Documents\LeCafe\LeCafe\wwwroot\ClientApp\out-tsc\app\home\home\home.component.js
C:\Users\spineda\Documents\LeCafe\LeCafe\wwwroot\ClientApp\out-tsc\app\home\home\home.component.js.map
C:\Users\spineda\Documents\LeCafe\LeCafe\wwwroot\ClientApp\out-tsc\app\login\user-login\user-login.component.js
C:\Users\spineda\Documents\LeCafe\LeCafe\wwwroot\ClientApp\out-tsc\app\login\user-login\user-login.component.js.map
C:\Users\spineda\Documents\LeCafe\LeCafe\wwwroot\ClientApp\out-tsc\app\restaurant\menu-principal\menu-principal.component.js
C:\Users\spineda\Documents\LeCafe\LeCafe\wwwroot\ClientApp\out-tsc\app\restaurant\menu-principal\menu-principal.component.js.map
C:\Users\spineda\Documents\LeCafe\LeCafe\wwwroot\ClientApp\out-tsc\app\desayunos\desayunos.component.js
C:\Users\spineda\Documents\LeCafe\LeCafe\wwwroot\ClientApp\out-tsc\app\desayunos\desayunos.component.js.map
C:\Users\spineda\Documents\LeCafe\LeCafe\wwwroot\ClientApp\out-tsc\app\entradas\entradas.component.js
C:\Users\spineda\Documents\LeCafe\LeCafe\wwwroot\ClientApp\out-tsc\app\entradas\entradas.component.js.map
C:\Users\spineda\Documents\LeCafe\LeCafe\wwwroot\ClientApp\out-tsc\app\bebidas\bebidas.component.js
C:\Users\spineda\Documents\LeCafe\LeCafe\wwwroot\ClientApp\out-tsc\app\bebidas\bebidas.component.js.map
C:\Users\spineda\Documents\LeCafe\LeCafe\wwwroot\ClientApp\out-tsc\app\bebidas\cafes\cafes.component.js
C:\Users\spineda\Documents\LeCafe\LeCafe\wwwroot\ClientApp\out-tsc\app\bebidas\cafes\cafes.component.js.map
C:\Users\spineda\Documents\LeCafe\LeCafe\wwwroot\ClientApp\out-tsc\app\order\order.component.js
C:\Users\spineda\Documents\LeCafe\LeCafe\wwwroot\ClientApp\out-tsc\app\order\order.component.js.map
C:\Users\spineda\Documents\LeCafe\LeCafe\wwwroot\ClientApp\out-tsc\app\order\cart\cart.component.js
C:\Users\spineda\Documents\LeCafe\LeCafe\wwwroot\ClientApp\out-tsc\app\order\cart\cart.component.js.map
C:\Users\spineda\Documents\LeCafe\LeCafe\wwwroot\ClientApp\out-tsc\app\factura\factura.component.js
C:\Users\spineda\Documents\LeCafe\LeCafe\wwwroot\ClientApp\out-tsc\app\factura\factura.component.js.map
C:\Users\spineda\Documents\LeCafe\LeCafe\wwwroot\ClientApp\out-tsc\app\bebidas\jugos\jugos.component.js
C:\Users\spineda\Documents\LeCafe\LeCafe\wwwroot\ClientApp\out-tsc\app\bebidas\jugos\jugos.component.js.map
C:\Users\spineda\Documents\LeCafe\LeCafe\wwwroot\ClientApp\out-tsc\app\bebidas\vinos\vinos.component.js
C:\Users\spineda\Documents\LeCafe\LeCafe\wwwroot\ClientApp\out-tsc\app\bebidas\vinos\vinos.component.js.map
C:\Users\spineda\Documents\LeCafe\LeCafe\wwwroot\ClientApp\out-tsc\app\bebidas\licores\licores.component.js
C:\Users\spineda\Documents\LeCafe\LeCafe\wwwroot\ClientApp\out-tsc\app\bebidas\licores\licores.component.js.map
C:\Users\spineda\Documents\LeCafe\LeCafe\wwwroot\ClientApp\out-tsc\app\desayunos\desayuno\desayuno.component.js
C:\Users\spineda\Documents\LeCafe\LeCafe\wwwroot\ClientApp\out-tsc\app\desayunos\desayuno\desayuno.component.js.map
C:\Users\spineda\Documents\LeCafe\LeCafe\wwwroot\ClientApp\out-tsc\app\desayunos\pancakes\pancakes.component.js
C:\Users\spineda\Documents\LeCafe\LeCafe\wwwroot\ClientApp\out-tsc\app\desayunos\pancakes\pancakes.component.js.map
C:\Users\spineda\Documents\LeCafe\LeCafe\wwwroot\ClientApp\out-tsc\app\desayunos\sandwiches\sandwiches.component.js
C:\Users\spineda\Documents\LeCafe\LeCafe\wwwroot\ClientApp\out-tsc\app\desayunos\sandwiches\sandwiches.component.js.map
C:\Users\spineda\Documents\LeCafe\LeCafe\wwwroot\ClientApp\out-tsc\app\desayunos-cenas\desayunos-cenas.component.js
C:\Users\spineda\Documents\LeCafe\LeCafe\wwwroot\ClientApp\out-tsc\app\desayunos-cenas\desayunos-cenas.component.js.map
C:\Users\spineda\Documents\LeCafe\LeCafe\wwwroot\ClientApp\out-tsc\app\desayunos-cenas\pastas\pastas.component.js
C:\Users\spineda\Documents\LeCafe\LeCafe\wwwroot\ClientApp\out-tsc\app\desayunos-cenas\pastas\pastas.component.js.map
C:\Users\spineda\Documents\LeCafe\LeCafe\wwwroot\ClientApp\out-tsc\app\desayunos-cenas\hamburguesas\hamburguesas.component.js
C:\Users\spineda\Documents\LeCafe\LeCafe\wwwroot\ClientApp\out-tsc\app\desayunos-cenas\hamburguesas\hamburguesas.component.js.map
C:\Users\spineda\Documents\LeCafe\LeCafe\wwwroot\ClientApp\out-tsc\app\desayunos-cenas\ensaladas\ensaladas.component.js
C:\Users\spineda\Documents\LeCafe\LeCafe\wwwroot\ClientApp\out-tsc\app\desayunos-cenas\ensaladas\ensaladas.component.js.map
C:\Users\spineda\Documents\LeCafe\LeCafe\wwwroot\ClientApp\out-tsc\app\app.module.js
C:\Users\spineda\Documents\LeCafe\LeCafe\wwwroot\ClientApp\out-tsc\app\app.module.js.map
C:\Users\spineda\Documents\LeCafe\LeCafe\wwwroot\ClientApp\out-tsc\environments\environment.js
C:\Users\spineda\Documents\LeCafe\LeCafe\wwwroot\ClientApp\out-tsc\environments\environment.js.map
C:\Users\spineda\Documents\LeCafe\LeCafe\wwwroot\ClientApp\out-tsc\main.js
C:\Users\spineda\Documents\LeCafe\LeCafe\wwwroot\ClientApp\out-tsc\main.js.map
C:\Users\spineda\Documents\LeCafe\LeCafe\wwwroot\ClientApp\out-tsc\polyfills.js
C:\Users\spineda\Documents\LeCafe\LeCafe\wwwroot\ClientApp\out-tsc\polyfills.js.map
C:\Users\spineda\Documents\LeCafe\LeCafe\wwwroot\ClientApp\out-tsc\test.js
C:\Users\spineda\Documents\LeCafe\LeCafe\wwwroot\ClientApp\out-tsc\test.js.map
C:\Users\spineda\Documents\LeCafe\LeCafe\wwwroot\ClientApp\out-tsc\app\app.component.spec.js
C:\Users\spineda\Documents\LeCafe\LeCafe\wwwroot\ClientApp\out-tsc\app\app.component.spec.js.map
C:\Users\spineda\Documents\LeCafe\LeCafe\wwwroot\ClientApp\out-tsc\app\bebidas\bebidas.component.spec.js
C:\Users\spineda\Documents\LeCafe\LeCafe\wwwroot\ClientApp\out-tsc\app\bebidas\bebidas.component.spec.js.map
C:\Users\spineda\Documents\LeCafe\LeCafe\wwwroot\ClientApp\out-tsc\app\bebidas\cafes\cafes.component.spec.js
C:\Users\spineda\Documents\LeCafe\LeCafe\wwwroot\ClientApp\out-tsc\app\bebidas\cafes\cafes.component.spec.js.map
C:\Users\spineda\Documents\LeCafe\LeCafe\wwwroot\ClientApp\out-tsc\app\bebidas\jugos\jugos.component.spec.js
C:\Users\spineda\Documents\LeCafe\LeCafe\wwwroot\ClientApp\out-tsc\app\bebidas\jugos\jugos.component.spec.js.map
C:\Users\spineda\Documents\LeCafe\LeCafe\wwwroot\ClientApp\out-tsc\app\bebidas\licores\licores.component.spec.js
C:\Users\spineda\Documents\LeCafe\LeCafe\wwwroot\ClientApp\out-tsc\app\bebidas\licores\licores.component.spec.js.map
C:\Users\spineda\Documents\LeCafe\LeCafe\wwwroot\ClientApp\out-tsc\app\bebidas\vinos\vinos.component.spec.js
C:\Users\spineda\Documents\LeCafe\LeCafe\wwwroot\ClientApp\out-tsc\app\bebidas\vinos\vinos.component.spec.js.map
C:\Users\spineda\Documents\LeCafe\LeCafe\wwwroot\ClientApp\out-tsc\app\desayunos\desayunos.component.spec.js
C:\Users\spineda\Documents\LeCafe\LeCafe\wwwroot\ClientApp\out-tsc\app\desayunos\desayunos.component.spec.js.map
C:\Users\spineda\Documents\LeCafe\LeCafe\wwwroot\ClientApp\out-tsc\app\desayunos\desayuno\desayuno.component.spec.js
C:\Users\spineda\Documents\LeCafe\LeCafe\wwwroot\ClientApp\out-tsc\app\desayunos\desayuno\desayuno.component.spec.js.map
C:\Users\spineda\Documents\LeCafe\LeCafe\wwwroot\ClientApp\out-tsc\app\desayunos\pancakes\pancakes.component.spec.js
C:\Users\spineda\Documents\LeCafe\LeCafe\wwwroot\ClientApp\out-tsc\app\desayunos\pancakes\pancakes.component.spec.js.map
C:\Users\spineda\Documents\LeCafe\LeCafe\wwwroot\ClientApp\out-tsc\app\desayunos\sandwiches\sandwiches.component.spec.js
C:\Users\spineda\Documents\LeCafe\LeCafe\wwwroot\ClientApp\out-tsc\app\desayunos\sandwiches\sandwiches.component.spec.js.map
C:\Users\spineda\Documents\LeCafe\LeCafe\wwwroot\ClientApp\out-tsc\app\desayunos-cenas\desayunos-cenas.component.spec.js
C:\Users\spineda\Documents\LeCafe\LeCafe\wwwroot\ClientApp\out-tsc\app\desayunos-cenas\desayunos-cenas.component.spec.js.map
C:\Users\spineda\Documents\LeCafe\LeCafe\wwwroot\ClientApp\out-tsc\app\desayunos-cenas\ensaladas\ensaladas.component.spec.js
C:\Users\spineda\Documents\LeCafe\LeCafe\wwwroot\ClientApp\out-tsc\app\desayunos-cenas\ensaladas\ensaladas.component.spec.js.map
C:\Users\spineda\Documents\LeCafe\LeCafe\wwwroot\ClientApp\out-tsc\app\desayunos-cenas\hamburguesas\hamburguesas.component.spec.js
C:\Users\spineda\Documents\LeCafe\LeCafe\wwwroot\ClientApp\out-tsc\app\desayunos-cenas\hamburguesas\hamburguesas.component.spec.js.map
C:\Users\spineda\Documents\LeCafe\LeCafe\wwwroot\ClientApp\out-tsc\app\desayunos-cenas\pastas\pastas.component.spec.js
C:\Users\spineda\Documents\LeCafe\LeCafe\wwwroot\ClientApp\out-tsc\app\desayunos-cenas\pastas\pastas.component.spec.js.map
C:\Users\spineda\Documents\LeCafe\LeCafe\wwwroot\ClientApp\out-tsc\app\entradas\entradas.component.spec.js
C:\Users\spineda\Documents\LeCafe\LeCafe\wwwroot\ClientApp\out-tsc\app\entradas\entradas.component.spec.js.map
C:\Users\spineda\Documents\LeCafe\LeCafe\wwwroot\ClientApp\out-tsc\app\factura\factura.component.spec.js
C:\Users\spineda\Documents\LeCafe\LeCafe\wwwroot\ClientApp\out-tsc\app\factura\factura.component.spec.js.map
C:\Users\spineda\Documents\LeCafe\LeCafe\wwwroot\ClientApp\out-tsc\app\home\home\home.component.spec.js
C:\Users\spineda\Documents\LeCafe\LeCafe\wwwroot\ClientApp\out-tsc\app\home\home\home.component.spec.js.map
C:\Users\spineda\Documents\LeCafe\LeCafe\wwwroot\ClientApp\out-tsc\app\login\user-login\user-login.component.spec.js
C:\Users\spineda\Documents\LeCafe\LeCafe\wwwroot\ClientApp\out-tsc\app\login\user-login\user-login.component.spec.js.map
C:\Users\spineda\Documents\LeCafe\LeCafe\wwwroot\ClientApp\out-tsc\app\order\order.component.spec.js
C:\Users\spineda\Documents\LeCafe\LeCafe\wwwroot\ClientApp\out-tsc\app\order\order.component.spec.js.map
C:\Users\spineda\Documents\LeCafe\LeCafe\wwwroot\ClientApp\out-tsc\app\order\cart\cart.component.spec.js
C:\Users\spineda\Documents\LeCafe\LeCafe\wwwroot\ClientApp\out-tsc\app\order\cart\cart.component.spec.js.map
C:\Users\spineda\Documents\LeCafe\LeCafe\wwwroot\ClientApp\out-tsc\app\restaurant\menu-principal\menu-principal.component.spec.js
C:\Users\spineda\Documents\LeCafe\LeCafe\wwwroot\ClientApp\out-tsc\app\restaurant\menu-principal\menu-principal.component.spec.js.map
C:\Users\spineda\Documents\LeCafe\LeCafe\wwwroot\ClientApp\out-tsc\app\shared\factura.js
C:\Users\spineda\Documents\LeCafe\LeCafe\wwwroot\ClientApp\out-tsc\app\shared\factura.js.map
C:\Users\spineda\Documents\LeCafe\LeCafe\wwwroot\ClientApp\out-tsc\environments\environment.prod.js
C:\Users\spineda\Documents\LeCafe\LeCafe\wwwroot\ClientApp\out-tsc\environments\environment.prod.js.map
